<?xml version="1.0" encoding="UTF-8"?>
<coverage generated="1736781153318" clover="3.2.0">
  <project timestamp="1736781153318" name="All files">
    <metrics statements="115" coveredstatements="115" conditionals="70" coveredconditionals="70" methods="16" coveredmethods="16" elements="201" coveredelements="201" complexity="0" loc="115" ncloc="115" packages="1" files="1" classes="1"/>
    <file name="index.js" path="/home/oceane/Documents/cours/2A/S7/Validation de logiciel/quality-env-tests/src/index.js">
      <metrics statements="115" coveredstatements="115" conditionals="70" coveredconditionals="70" methods="16" coveredmethods="16"/>
      <line num="14" count="1" type="stmt"/>
      <line num="15" count="3" type="cond" truecount="4" falsecount="0"/>
      <line num="16" count="2" type="stmt"/>
      <line num="19" count="1" type="stmt"/>
      <line num="33" count="1" type="stmt"/>
      <line num="34" count="6" type="cond" truecount="4" falsecount="0"/>
      <line num="35" count="4" type="stmt"/>
      <line num="38" count="2" type="stmt"/>
      <line num="51" count="1" type="cond" truecount="1" falsecount="0"/>
      <line num="52" count="36" type="stmt"/>
      <line num="54" count="36" type="cond" truecount="2" falsecount="0"/>
      <line num="55" count="2" type="stmt"/>
      <line num="58" count="34" type="stmt"/>
      <line num="59" count="328" type="stmt"/>
      <line num="62" count="34" type="stmt"/>
      <line num="73" count="8" type="stmt"/>
      <line num="85" count="1" type="stmt"/>
      <line num="86" count="5" type="stmt"/>
      <line num="88" count="5" type="stmt"/>
      <line num="89" count="20" type="stmt"/>
      <line num="92" count="5" type="stmt"/>
      <line num="105" count="1" type="stmt"/>
      <line num="106" count="6" type="cond" truecount="5" falsecount="0"/>
      <line num="107" count="4" type="stmt"/>
      <line num="109" count="2" type="stmt"/>
      <line num="124" count="1" type="stmt"/>
      <line num="125" count="125" type="cond" truecount="5" falsecount="0"/>
      <line num="126" count="5" type="stmt"/>
      <line num="129" count="120" type="cond" truecount="4" falsecount="0"/>
      <line num="130" count="62" type="stmt"/>
      <line num="133" count="58" type="stmt"/>
      <line num="146" count="1" type="cond" truecount="1" falsecount="0"/>
      <line num="147" count="6" type="stmt"/>
      <line num="149" count="6" type="stmt"/>
      <line num="150" count="130" type="stmt"/>
      <line num="153" count="6" type="stmt"/>
      <line num="166" count="1" type="stmt"/>
      <line num="167" count="5" type="cond" truecount="2" falsecount="0"/>
      <line num="168" count="1" type="stmt"/>
      <line num="171" count="4" type="stmt"/>
      <line num="172" count="4" type="stmt"/>
      <line num="173" count="13" type="stmt"/>
      <line num="176" count="4" type="stmt"/>
      <line num="190" count="1" type="stmt"/>
      <line num="191" count="6" type="stmt"/>
      <line num="193" count="6" type="stmt"/>
      <line num="194" count="38" type="stmt"/>
      <line num="196" count="38" type="cond" truecount="4" falsecount="0"/>
      <line num="197" count="6" type="stmt"/>
      <line num="199" count="38" type="cond" truecount="4" falsecount="0"/>
      <line num="200" count="12" type="stmt"/>
      <line num="202" count="38" type="cond" truecount="4" falsecount="0"/>
      <line num="203" count="3" type="stmt"/>
      <line num="205" count="38" type="cond" truecount="2" falsecount="0"/>
      <line num="206" count="2" type="stmt"/>
      <line num="210" count="6" type="stmt"/>
      <line num="225" count="26" type="cond" truecount="2" falsecount="0"/>
      <line num="226" count="10" type="stmt"/>
      <line num="227" count="10" type="stmt"/>
      <line num="228" count="10" type="stmt"/>
      <line num="229" count="10" type="stmt"/>
      <line num="230" count="24" type="cond" truecount="2" falsecount="0"/>
      <line num="231" count="14" type="stmt"/>
      <line num="233" count="10" type="stmt"/>
      <line num="247" count="5" type="cond" truecount="4" falsecount="0"/>
      <line num="248" count="1" type="stmt"/>
      <line num="251" count="4" type="stmt"/>
      <line num="252" count="4" type="stmt"/>
      <line num="253" count="4" type="stmt"/>
      <line num="254" count="4" type="stmt"/>
      <line num="256" count="4" type="stmt"/>
      <line num="257" count="42" type="stmt"/>
      <line num="258" count="42" type="stmt"/>
      <line num="259" count="108" type="stmt"/>
      <line num="261" count="42" type="stmt"/>
      <line num="263" count="42" type="cond" truecount="2" falsecount="0"/>
      <line num="264" count="5" type="stmt"/>
      <line num="265" count="5" type="stmt"/>
      <line num="269" count="4" type="stmt"/>
      <line num="281" count="153" type="cond" truecount="2" falsecount="0"/>
      <line num="282" count="95" type="stmt"/>
      <line num="283" count="95" type="stmt"/>
      <line num="284" count="144" type="stmt"/>
      <line num="285" count="144" type="stmt"/>
      <line num="286" count="144" type="stmt"/>
      <line num="287" count="191" type="stmt"/>
      <line num="290" count="95" type="stmt"/>
      <line num="305" count="397" type="stmt"/>
      <line num="306" count="3569" type="stmt"/>
      <line num="307" count="32121" type="stmt"/>
      <line num="308" count="32121" type="cond" truecount="2" falsecount="0"/>
      <line num="309" count="10661" type="stmt"/>
      <line num="310" count="10661" type="cond" truecount="2" falsecount="0"/>
      <line num="311" count="1" type="stmt"/>
      <line num="312" count="1" type="stmt"/>
      <line num="314" count="10660" type="stmt"/>
      <line num="320" count="396" type="stmt"/>
      <line num="321" count="1299" type="stmt"/>
      <line num="322" count="10930" type="cond" truecount="2" falsecount="0"/>
      <line num="323" count="392" type="stmt"/>
      <line num="324" count="3199" type="cond" truecount="2" falsecount="0"/>
      <line num="325" count="392" type="stmt"/>
      <line num="326" count="392" type="cond" truecount="2" falsecount="0"/>
      <line num="327" count="82" type="stmt"/>
      <line num="329" count="310" type="stmt"/>
      <line num="332" count="310" type="stmt"/>
      <line num="337" count="4" type="stmt"/>
      <line num="350" count="13865" type="stmt"/>
      <line num="351" count="110291" type="cond" truecount="4" falsecount="0"/>
      <line num="353" count="11319" type="stmt"/>
      <line num="354" count="11319" type="stmt"/>
      <line num="355" count="11319" type="stmt"/>
      <line num="356" count="33437" type="stmt"/>
      <line num="357" count="100103" type="cond" truecount="2" falsecount="0"/>
      <line num="360" count="11054" type="stmt"/>
    </file>
  </project>
</coverage>
