{"/home/oceane/Documents/cours/2A/S7/Validation de logiciel/quality-env-tests/src/index.js": {"path":"/home/oceane/Documents/cours/2A/S7/Validation de logiciel/quality-env-tests/src/index.js","statementMap":{"0":{"start":{"line":14,"column":33},"end":{"line":20,"column":1}},"1":{"start":{"line":15,"column":2},"end":{"line":17,"column":3}},"2":{"start":{"line":16,"column":4},"end":{"line":16,"column":19}},"3":{"start":{"line":19,"column":2},"end":{"line":19,"column":50}},"4":{"start":{"line":33,"column":19},"end":{"line":39,"column":1}},"5":{"start":{"line":34,"column":2},"end":{"line":36,"column":3}},"6":{"start":{"line":35,"column":4},"end":{"line":35,"column":13}},"7":{"start":{"line":38,"column":2},"end":{"line":38,"column":15}},"8":{"start":{"line":51,"column":31},"end":{"line":63,"column":1}},"9":{"start":{"line":52,"column":14},"end":{"line":52,"column":15}},"10":{"start":{"line":54,"column":2},"end":{"line":56,"column":3}},"11":{"start":{"line":55,"column":4},"end":{"line":55,"column":17}},"12":{"start":{"line":58,"column":2},"end":{"line":60,"column":3}},"13":{"start":{"line":59,"column":4},"end":{"line":59,"column":12}},"14":{"start":{"line":62,"column":2},"end":{"line":62,"column":15}},"15":{"start":{"line":73,"column":34},"end":{"line":73,"column":68}},"16":{"start":{"line":73,"column":40},"end":{"line":73,"column":68}},"17":{"start":{"line":85,"column":32},"end":{"line":93,"column":1}},"18":{"start":{"line":86,"column":17},"end":{"line":86,"column":19}},"19":{"start":{"line":88,"column":2},"end":{"line":90,"column":3}},"20":{"start":{"line":88,"column":15},"end":{"line":88,"column":16}},"21":{"start":{"line":89,"column":4},"end":{"line":89,"column":23}},"22":{"start":{"line":92,"column":2},"end":{"line":92,"column":16}},"23":{"start":{"line":105,"column":34},"end":{"line":110,"column":3}},"24":{"start":{"line":106,"column":4},"end":{"line":108,"column":5}},"25":{"start":{"line":107,"column":6},"end":{"line":107,"column":24}},"26":{"start":{"line":109,"column":4},"end":{"line":109,"column":21}},"27":{"start":{"line":124,"column":20},"end":{"line":134,"column":1}},"28":{"start":{"line":125,"column":2},"end":{"line":127,"column":3}},"29":{"start":{"line":126,"column":4},"end":{"line":126,"column":13}},"30":{"start":{"line":129,"column":2},"end":{"line":131,"column":3}},"31":{"start":{"line":130,"column":4},"end":{"line":130,"column":13}},"32":{"start":{"line":133,"column":2},"end":{"line":133,"column":35}},"33":{"start":{"line":146,"column":42},"end":{"line":154,"column":1}},"34":{"start":{"line":147,"column":21},"end":{"line":147,"column":23}},"35":{"start":{"line":149,"column":2},"end":{"line":151,"column":3}},"36":{"start":{"line":149,"column":15},"end":{"line":149,"column":37}},"37":{"start":{"line":150,"column":4},"end":{"line":150,"column":33}},"38":{"start":{"line":153,"column":2},"end":{"line":153,"column":22}},"39":{"start":{"line":166,"column":35},"end":{"line":177,"column":3}},"40":{"start":{"line":167,"column":4},"end":{"line":169,"column":5}},"41":{"start":{"line":168,"column":6},"end":{"line":168,"column":15}},"42":{"start":{"line":171,"column":12},"end":{"line":171,"column":13}},"43":{"start":{"line":172,"column":4},"end":{"line":174,"column":5}},"44":{"start":{"line":173,"column":6},"end":{"line":173,"column":13}},"45":{"start":{"line":176,"column":4},"end":{"line":176,"column":13}},"46":{"start":{"line":190,"column":36},"end":{"line":211,"column":1}},"47":{"start":{"line":191,"column":18},"end":{"line":191,"column":20}},"48":{"start":{"line":193,"column":2},"end":{"line":208,"column":3}},"49":{"start":{"line":193,"column":15},"end":{"line":193,"column":16}},"50":{"start":{"line":194,"column":21},"end":{"line":194,"column":27}},"51":{"start":{"line":196,"column":4},"end":{"line":198,"column":5}},"52":{"start":{"line":197,"column":6},"end":{"line":197,"column":47}},"53":{"start":{"line":199,"column":4},"end":{"line":201,"column":5}},"54":{"start":{"line":200,"column":6},"end":{"line":200,"column":47}},"55":{"start":{"line":202,"column":4},"end":{"line":204,"column":5}},"56":{"start":{"line":203,"column":6},"end":{"line":203,"column":47}},"57":{"start":{"line":205,"column":4},"end":{"line":207,"column":5}},"58":{"start":{"line":206,"column":6},"end":{"line":206,"column":47}},"59":{"start":{"line":210,"column":2},"end":{"line":210,"column":26}},"60":{"start":{"line":225,"column":2},"end":{"line":225,"column":34}},"61":{"start":{"line":225,"column":23},"end":{"line":225,"column":34}},"62":{"start":{"line":226,"column":14},"end":{"line":226,"column":33}},"63":{"start":{"line":227,"column":13},"end":{"line":227,"column":15}},"64":{"start":{"line":228,"column":14},"end":{"line":228,"column":16}},"65":{"start":{"line":229,"column":2},"end":{"line":232,"column":3}},"66":{"start":{"line":229,"column":15},"end":{"line":229,"column":16}},"67":{"start":{"line":230,"column":6},"end":{"line":231,"column":30}},"68":{"start":{"line":230,"column":26},"end":{"line":230,"column":44}},"69":{"start":{"line":231,"column":11},"end":{"line":231,"column":30}},"70":{"start":{"line":233,"column":2},"end":{"line":233,"column":58}},"71":{"start":{"line":247,"column":2},"end":{"line":249,"column":3}},"72":{"start":{"line":248,"column":4},"end":{"line":248,"column":56}},"73":{"start":{"line":251,"column":15},"end":{"line":251,"column":37}},"74":{"start":{"line":252,"column":21},"end":{"line":252,"column":37}},"75":{"start":{"line":253,"column":20},"end":{"line":253,"column":28}},"76":{"start":{"line":254,"column":29},"end":{"line":254,"column":31}},"77":{"start":{"line":256,"column":2},"end":{"line":267,"column":5}},"78":{"start":{"line":257,"column":25},"end":{"line":257,"column":26}},"79":{"start":{"line":258,"column":4},"end":{"line":260,"column":5}},"80":{"start":{"line":258,"column":17},"end":{"line":258,"column":18}},"81":{"start":{"line":259,"column":6},"end":{"line":259,"column":60}},"82":{"start":{"line":261,"column":4},"end":{"line":261,"column":70}},"83":{"start":{"line":263,"column":4},"end":{"line":266,"column":5}},"84":{"start":{"line":264,"column":6},"end":{"line":264,"column":35}},"85":{"start":{"line":265,"column":6},"end":{"line":265,"column":36}},"86":{"start":{"line":269,"column":2},"end":{"line":269,"column":47}},"87":{"start":{"line":281,"column":2},"end":{"line":281,"column":36}},"88":{"start":{"line":281,"column":24},"end":{"line":281,"column":36}},"89":{"start":{"line":282,"column":15},"end":{"line":282,"column":17}},"90":{"start":{"line":283,"column":2},"end":{"line":289,"column":3}},"91":{"start":{"line":283,"column":15},"end":{"line":283,"column":16}},"92":{"start":{"line":284,"column":18},"end":{"line":284,"column":58}},"93":{"start":{"line":285,"column":19},"end":{"line":285,"column":34}},"94":{"start":{"line":286,"column":6},"end":{"line":288,"column":7}},"95":{"start":{"line":286,"column":19},"end":{"line":286,"column":20}},"96":{"start":{"line":287,"column":10},"end":{"line":287,"column":50}},"97":{"start":{"line":290,"column":2},"end":{"line":290,"column":16}},"98":{"start":{"line":305,"column":4},"end":{"line":317,"column":5}},"99":{"start":{"line":305,"column":21},"end":{"line":305,"column":22}},"100":{"start":{"line":306,"column":6},"end":{"line":316,"column":7}},"101":{"start":{"line":306,"column":21},"end":{"line":306,"column":22}},"102":{"start":{"line":307,"column":20},"end":{"line":307,"column":38}},"103":{"start":{"line":308,"column":8},"end":{"line":315,"column":9}},"104":{"start":{"line":309,"column":10},"end":{"line":309,"column":33}},"105":{"start":{"line":310,"column":10},"end":{"line":313,"column":11}},"106":{"start":{"line":311,"column":12},"end":{"line":311,"column":37}},"107":{"start":{"line":312,"column":12},"end":{"line":312,"column":25}},"108":{"start":{"line":314,"column":10},"end":{"line":314,"column":35}},"109":{"start":{"line":320,"column":4},"end":{"line":335,"column":5}},"110":{"start":{"line":320,"column":21},"end":{"line":320,"column":22}},"111":{"start":{"line":321,"column":6},"end":{"line":334,"column":7}},"112":{"start":{"line":321,"column":21},"end":{"line":321,"column":22}},"113":{"start":{"line":322,"column":8},"end":{"line":333,"column":9}},"114":{"start":{"line":323,"column":10},"end":{"line":331,"column":11}},"115":{"start":{"line":323,"column":25},"end":{"line":323,"column":26}},"116":{"start":{"line":324,"column":12},"end":{"line":330,"column":13}},"117":{"start":{"line":325,"column":14},"end":{"line":325,"column":39}},"118":{"start":{"line":326,"column":14},"end":{"line":328,"column":15}},"119":{"start":{"line":327,"column":16},"end":{"line":327,"column":28}},"120":{"start":{"line":329,"column":14},"end":{"line":329,"column":37}},"121":{"start":{"line":332,"column":10},"end":{"line":332,"column":23}},"122":{"start":{"line":337,"column":4},"end":{"line":337,"column":16}},"123":{"start":{"line":350,"column":2},"end":{"line":352,"column":3}},"124":{"start":{"line":350,"column":15},"end":{"line":350,"column":16}},"125":{"start":{"line":351,"column":6},"end":{"line":351,"column":75}},"126":{"start":{"line":351,"column":62},"end":{"line":351,"column":75}},"127":{"start":{"line":353,"column":17},"end":{"line":353,"column":42}},"128":{"start":{"line":354,"column":17},"end":{"line":354,"column":40}},"129":{"start":{"line":355,"column":2},"end":{"line":359,"column":3}},"130":{"start":{"line":355,"column":15},"end":{"line":355,"column":23}},"131":{"start":{"line":356,"column":6},"end":{"line":358,"column":7}},"132":{"start":{"line":356,"column":19},"end":{"line":356,"column":27}},"133":{"start":{"line":357,"column":10},"end":{"line":357,"column":49}},"134":{"start":{"line":357,"column":36},"end":{"line":357,"column":49}},"135":{"start":{"line":360,"column":2},"end":{"line":360,"column":14}}},"fnMap":{"0":{"name":"(anonymous_0)","decl":{"start":{"line":14,"column":33},"end":{"line":14,"column":34}},"loc":{"start":{"line":14,"column":42},"end":{"line":20,"column":1}},"line":14},"1":{"name":"(anonymous_1)","decl":{"start":{"line":33,"column":19},"end":{"line":33,"column":20}},"loc":{"start":{"line":33,"column":29},"end":{"line":39,"column":1}},"line":33},"2":{"name":"(anonymous_2)","decl":{"start":{"line":51,"column":31},"end":{"line":51,"column":32}},"loc":{"start":{"line":51,"column":45},"end":{"line":63,"column":1}},"line":51},"3":{"name":"(anonymous_3)","decl":{"start":{"line":73,"column":34},"end":{"line":73,"column":35}},"loc":{"start":{"line":73,"column":40},"end":{"line":73,"column":68}},"line":73},"4":{"name":"(anonymous_4)","decl":{"start":{"line":85,"column":32},"end":{"line":85,"column":33}},"loc":{"start":{"line":85,"column":41},"end":{"line":93,"column":1}},"line":85},"5":{"name":"(anonymous_5)","decl":{"start":{"line":105,"column":34},"end":{"line":105,"column":35}},"loc":{"start":{"line":105,"column":43},"end":{"line":110,"column":3}},"line":105},"6":{"name":"(anonymous_6)","decl":{"start":{"line":124,"column":20},"end":{"line":124,"column":21}},"loc":{"start":{"line":124,"column":27},"end":{"line":134,"column":1}},"line":124},"7":{"name":"(anonymous_7)","decl":{"start":{"line":146,"column":42},"end":{"line":146,"column":43}},"loc":{"start":{"line":146,"column":76},"end":{"line":154,"column":1}},"line":146},"8":{"name":"(anonymous_8)","decl":{"start":{"line":166,"column":35},"end":{"line":166,"column":36}},"loc":{"start":{"line":166,"column":44},"end":{"line":177,"column":3}},"line":166},"9":{"name":"(anonymous_9)","decl":{"start":{"line":190,"column":36},"end":{"line":190,"column":37}},"loc":{"start":{"line":190,"column":45},"end":{"line":211,"column":1}},"line":190},"10":{"name":"quickSort","decl":{"start":{"line":224,"column":16},"end":{"line":224,"column":25}},"loc":{"start":{"line":224,"column":31},"end":{"line":234,"column":1}},"line":224},"11":{"name":"tspBrutForce","decl":{"start":{"line":246,"column":16},"end":{"line":246,"column":28}},"loc":{"start":{"line":246,"column":40},"end":{"line":270,"column":1}},"line":246},"12":{"name":"(anonymous_12)","decl":{"start":{"line":256,"column":23},"end":{"line":256,"column":24}},"loc":{"start":{"line":256,"column":33},"end":{"line":267,"column":3}},"line":256},"13":{"name":"permuter","decl":{"start":{"line":280,"column":16},"end":{"line":280,"column":24}},"loc":{"start":{"line":280,"column":30},"end":{"line":291,"column":1}},"line":280},"14":{"name":"resoudreSudoku","decl":{"start":{"line":303,"column":18},"end":{"line":303,"column":32}},"loc":{"start":{"line":303,"column":41},"end":{"line":338,"column":3}},"line":303},"15":{"name":"estValide","decl":{"start":{"line":349,"column":16},"end":{"line":349,"column":25}},"loc":{"start":{"line":349,"column":51},"end":{"line":361,"column":1}},"line":349}},"branchMap":{"0":{"loc":{"start":{"line":15,"column":2},"end":{"line":17,"column":3}},"type":"if","locations":[{"start":{"line":15,"column":2},"end":{"line":17,"column":3}},{"start":{},"end":{}}],"line":15},"1":{"loc":{"start":{"line":15,"column":6},"end":{"line":15,"column":31}},"type":"binary-expr","locations":[{"start":{"line":15,"column":6},"end":{"line":15,"column":10}},{"start":{"line":15,"column":14},"end":{"line":15,"column":31}}],"line":15},"2":{"loc":{"start":{"line":34,"column":2},"end":{"line":36,"column":3}},"type":"if","locations":[{"start":{"line":34,"column":2},"end":{"line":36,"column":3}},{"start":{},"end":{}}],"line":34},"3":{"loc":{"start":{"line":34,"column":6},"end":{"line":34,"column":50}},"type":"binary-expr","locations":[{"start":{"line":34,"column":6},"end":{"line":34,"column":26}},{"start":{"line":34,"column":30},"end":{"line":34,"column":50}}],"line":34},"4":{"loc":{"start":{"line":51,"column":32},"end":{"line":51,"column":40}},"type":"default-arg","locations":[{"start":{"line":51,"column":38},"end":{"line":51,"column":40}}],"line":51},"5":{"loc":{"start":{"line":54,"column":2},"end":{"line":56,"column":3}},"type":"if","locations":[{"start":{"line":54,"column":2},"end":{"line":56,"column":3}},{"start":{},"end":{}}],"line":54},"6":{"loc":{"start":{"line":106,"column":4},"end":{"line":108,"column":5}},"type":"if","locations":[{"start":{"line":106,"column":4},"end":{"line":108,"column":5}},{"start":{},"end":{}}],"line":106},"7":{"loc":{"start":{"line":106,"column":8},"end":{"line":106,"column":57}},"type":"binary-expr","locations":[{"start":{"line":106,"column":8},"end":{"line":106,"column":31}},{"start":{"line":106,"column":35},"end":{"line":106,"column":45}},{"start":{"line":106,"column":49},"end":{"line":106,"column":57}}],"line":106},"8":{"loc":{"start":{"line":125,"column":2},"end":{"line":127,"column":3}},"type":"if","locations":[{"start":{"line":125,"column":2},"end":{"line":127,"column":3}},{"start":{},"end":{}}],"line":125},"9":{"loc":{"start":{"line":125,"column":6},"end":{"line":125,"column":49}},"type":"binary-expr","locations":[{"start":{"line":125,"column":6},"end":{"line":125,"column":27}},{"start":{"line":125,"column":31},"end":{"line":125,"column":39}},{"start":{"line":125,"column":43},"end":{"line":125,"column":49}}],"line":125},"10":{"loc":{"start":{"line":129,"column":2},"end":{"line":131,"column":3}},"type":"if","locations":[{"start":{"line":129,"column":2},"end":{"line":131,"column":3}},{"start":{},"end":{}}],"line":129},"11":{"loc":{"start":{"line":129,"column":6},"end":{"line":129,"column":24}},"type":"binary-expr","locations":[{"start":{"line":129,"column":6},"end":{"line":129,"column":13}},{"start":{"line":129,"column":17},"end":{"line":129,"column":24}}],"line":129},"12":{"loc":{"start":{"line":146,"column":43},"end":{"line":146,"column":71}},"type":"default-arg","locations":[{"start":{"line":146,"column":51},"end":{"line":146,"column":71}}],"line":146},"13":{"loc":{"start":{"line":167,"column":4},"end":{"line":169,"column":5}},"type":"if","locations":[{"start":{"line":167,"column":4},"end":{"line":169,"column":5}},{"start":{},"end":{}}],"line":167},"14":{"loc":{"start":{"line":196,"column":4},"end":{"line":198,"column":5}},"type":"if","locations":[{"start":{"line":196,"column":4},"end":{"line":198,"column":5}},{"start":{},"end":{}}],"line":196},"15":{"loc":{"start":{"line":196,"column":9},"end":{"line":196,"column":39}},"type":"binary-expr","locations":[{"start":{"line":196,"column":9},"end":{"line":196,"column":22}},{"start":{"line":196,"column":26},"end":{"line":196,"column":39}}],"line":196},"16":{"loc":{"start":{"line":199,"column":4},"end":{"line":201,"column":5}},"type":"if","locations":[{"start":{"line":199,"column":4},"end":{"line":201,"column":5}},{"start":{},"end":{}}],"line":199},"17":{"loc":{"start":{"line":199,"column":9},"end":{"line":199,"column":40}},"type":"binary-expr","locations":[{"start":{"line":199,"column":9},"end":{"line":199,"column":22}},{"start":{"line":199,"column":26},"end":{"line":199,"column":40}}],"line":199},"18":{"loc":{"start":{"line":202,"column":4},"end":{"line":204,"column":5}},"type":"if","locations":[{"start":{"line":202,"column":4},"end":{"line":204,"column":5}},{"start":{},"end":{}}],"line":202},"19":{"loc":{"start":{"line":202,"column":9},"end":{"line":202,"column":39}},"type":"binary-expr","locations":[{"start":{"line":202,"column":9},"end":{"line":202,"column":22}},{"start":{"line":202,"column":26},"end":{"line":202,"column":39}}],"line":202},"20":{"loc":{"start":{"line":205,"column":4},"end":{"line":207,"column":5}},"type":"if","locations":[{"start":{"line":205,"column":4},"end":{"line":207,"column":5}},{"start":{},"end":{}}],"line":205},"21":{"loc":{"start":{"line":225,"column":2},"end":{"line":225,"column":34}},"type":"if","locations":[{"start":{"line":225,"column":2},"end":{"line":225,"column":34}},{"start":{},"end":{}}],"line":225},"22":{"loc":{"start":{"line":230,"column":6},"end":{"line":231,"column":30}},"type":"if","locations":[{"start":{"line":230,"column":6},"end":{"line":231,"column":30}},{"start":{"line":231,"column":11},"end":{"line":231,"column":30}}],"line":230},"23":{"loc":{"start":{"line":247,"column":2},"end":{"line":249,"column":3}},"type":"if","locations":[{"start":{"line":247,"column":2},"end":{"line":249,"column":3}},{"start":{},"end":{}}],"line":247},"24":{"loc":{"start":{"line":247,"column":6},"end":{"line":247,"column":55}},"type":"binary-expr","locations":[{"start":{"line":247,"column":6},"end":{"line":247,"column":16}},{"start":{"line":247,"column":20},"end":{"line":247,"column":55}}],"line":247},"25":{"loc":{"start":{"line":263,"column":4},"end":{"line":266,"column":5}},"type":"if","locations":[{"start":{"line":263,"column":4},"end":{"line":266,"column":5}},{"start":{},"end":{}}],"line":263},"26":{"loc":{"start":{"line":281,"column":2},"end":{"line":281,"column":36}},"type":"if","locations":[{"start":{"line":281,"column":2},"end":{"line":281,"column":36}},{"start":{},"end":{}}],"line":281},"27":{"loc":{"start":{"line":308,"column":8},"end":{"line":315,"column":9}},"type":"if","locations":[{"start":{"line":308,"column":8},"end":{"line":315,"column":9}},{"start":{},"end":{}}],"line":308},"28":{"loc":{"start":{"line":310,"column":10},"end":{"line":313,"column":11}},"type":"if","locations":[{"start":{"line":310,"column":10},"end":{"line":313,"column":11}},{"start":{},"end":{}}],"line":310},"29":{"loc":{"start":{"line":322,"column":8},"end":{"line":333,"column":9}},"type":"if","locations":[{"start":{"line":322,"column":8},"end":{"line":333,"column":9}},{"start":{},"end":{}}],"line":322},"30":{"loc":{"start":{"line":324,"column":12},"end":{"line":330,"column":13}},"type":"if","locations":[{"start":{"line":324,"column":12},"end":{"line":330,"column":13}},{"start":{},"end":{}}],"line":324},"31":{"loc":{"start":{"line":326,"column":14},"end":{"line":328,"column":15}},"type":"if","locations":[{"start":{"line":326,"column":14},"end":{"line":328,"column":15}},{"start":{},"end":{}}],"line":326},"32":{"loc":{"start":{"line":351,"column":6},"end":{"line":351,"column":75}},"type":"if","locations":[{"start":{"line":351,"column":6},"end":{"line":351,"column":75}},{"start":{},"end":{}}],"line":351},"33":{"loc":{"start":{"line":351,"column":10},"end":{"line":351,"column":60}},"type":"binary-expr","locations":[{"start":{"line":351,"column":10},"end":{"line":351,"column":34}},{"start":{"line":351,"column":38},"end":{"line":351,"column":60}}],"line":351},"34":{"loc":{"start":{"line":357,"column":10},"end":{"line":357,"column":49}},"type":"if","locations":[{"start":{"line":357,"column":10},"end":{"line":357,"column":49}},{"start":{},"end":{}}],"line":357}},"s":{"0":1,"1":3,"2":2,"3":1,"4":1,"5":6,"6":4,"7":2,"8":1,"9":36,"10":36,"11":2,"12":34,"13":328,"14":34,"15":1,"16":8,"17":1,"18":5,"19":5,"20":5,"21":20,"22":5,"23":1,"24":6,"25":4,"26":2,"27":1,"28":125,"29":5,"30":120,"31":62,"32":58,"33":1,"34":6,"35":6,"36":6,"37":130,"38":6,"39":1,"40":5,"41":1,"42":4,"43":4,"44":13,"45":4,"46":1,"47":6,"48":6,"49":6,"50":38,"51":38,"52":6,"53":38,"54":12,"55":38,"56":3,"57":38,"58":2,"59":6,"60":26,"61":16,"62":10,"63":10,"64":10,"65":10,"66":10,"67":24,"68":10,"69":14,"70":10,"71":5,"72":1,"73":4,"74":4,"75":4,"76":4,"77":4,"78":42,"79":42,"80":42,"81":108,"82":42,"83":42,"84":5,"85":5,"86":4,"87":153,"88":58,"89":95,"90":95,"91":95,"92":144,"93":144,"94":144,"95":144,"96":191,"97":95,"98":397,"99":397,"100":3569,"101":3569,"102":32121,"103":32121,"104":10661,"105":10661,"106":1,"107":1,"108":10660,"109":396,"110":396,"111":1299,"112":1299,"113":10930,"114":392,"115":392,"116":3199,"117":392,"118":392,"119":82,"120":310,"121":310,"122":4,"123":13865,"124":13865,"125":110291,"126":2546,"127":11319,"128":11319,"129":11319,"130":11319,"131":33437,"132":33437,"133":100103,"134":265,"135":11054},"f":{"0":3,"1":6,"2":36,"3":8,"4":5,"5":6,"6":125,"7":6,"8":5,"9":6,"10":26,"11":5,"12":42,"13":153,"14":397,"15":13865},"b":{"0":[2,1],"1":[3,1],"2":[4,2],"3":[6,4],"4":[1],"5":[2,34],"6":[4,2],"7":[6,5,5],"8":[5,120],"9":[125,122,122],"10":[62,58],"11":[120,96],"12":[1],"13":[1,4],"14":[6,32],"15":[38,21],"16":[12,26],"17":[38,15],"18":[3,35],"19":[38,24],"20":[2,36],"21":[16,10],"22":[10,14],"23":[1,4],"24":[5,5],"25":[5,37],"26":[58,95],"27":[10661,21460],"28":[1,10660],"29":[392,10538],"30":[392,2807],"31":[82,310],"32":[2546,107745],"33":[110291,108331],"34":[265,99838]},"_coverageSchema":"1a1c01bbd47fc00a2c39e90264f33305004495a9","hash":"9c6306d9cbaa50619a6d2237730c94bb63566e3d"}
}
