TN:
SF:src/index.js
FN:14,(anonymous_0)
FN:33,(anonymous_1)
FN:51,(anonymous_2)
FN:73,(anonymous_3)
FN:85,(anonymous_4)
FN:105,(anonymous_5)
FN:124,(anonymous_6)
FN:146,(anonymous_7)
FN:166,(anonymous_8)
FN:190,(anonymous_9)
FN:224,quickSort
FN:246,tspBrutForce
FN:256,(anonymous_12)
FN:280,permuter
FN:303,resoudreSudoku
FN:349,estValide
FNF:16
FNH:16
FNDA:3,(anonymous_0)
FNDA:6,(anonymous_1)
FNDA:36,(anonymous_2)
FNDA:8,(anonymous_3)
FNDA:5,(anonymous_4)
FNDA:6,(anonymous_5)
FNDA:125,(anonymous_6)
FNDA:6,(anonymous_7)
FNDA:5,(anonymous_8)
FNDA:6,(anonymous_9)
FNDA:26,quickSort
FNDA:5,tspBrutForce
FNDA:42,(anonymous_12)
FNDA:153,permuter
FNDA:397,resoudreSudoku
FNDA:13865,estValide
DA:14,1
DA:15,3
DA:16,2
DA:19,1
DA:33,1
DA:34,6
DA:35,4
DA:38,2
DA:51,1
DA:52,36
DA:54,36
DA:55,2
DA:58,34
DA:59,328
DA:62,34
DA:73,8
DA:85,1
DA:86,5
DA:88,5
DA:89,20
DA:92,5
DA:105,1
DA:106,6
DA:107,4
DA:109,2
DA:124,1
DA:125,125
DA:126,5
DA:129,120
DA:130,62
DA:133,58
DA:146,1
DA:147,6
DA:149,6
DA:150,130
DA:153,6
DA:166,1
DA:167,5
DA:168,1
DA:171,4
DA:172,4
DA:173,13
DA:176,4
DA:190,1
DA:191,6
DA:193,6
DA:194,38
DA:196,38
DA:197,6
DA:199,38
DA:200,12
DA:202,38
DA:203,3
DA:205,38
DA:206,2
DA:210,6
DA:225,26
DA:226,10
DA:227,10
DA:228,10
DA:229,10
DA:230,24
DA:231,14
DA:233,10
DA:247,5
DA:248,1
DA:251,4
DA:252,4
DA:253,4
DA:254,4
DA:256,4
DA:257,42
DA:258,42
DA:259,108
DA:261,42
DA:263,42
DA:264,5
DA:265,5
DA:269,4
DA:281,153
DA:282,95
DA:283,95
DA:284,144
DA:285,144
DA:286,144
DA:287,191
DA:290,95
DA:305,397
DA:306,3569
DA:307,32121
DA:308,32121
DA:309,10661
DA:310,10661
DA:311,1
DA:312,1
DA:314,10660
DA:320,396
DA:321,1299
DA:322,10930
DA:323,392
DA:324,3199
DA:325,392
DA:326,392
DA:327,82
DA:329,310
DA:332,310
DA:337,4
DA:350,13865
DA:351,110291
DA:353,11319
DA:354,11319
DA:355,11319
DA:356,33437
DA:357,100103
DA:360,11054
LF:115
LH:115
BRDA:15,0,0,2
BRDA:15,0,1,1
BRDA:15,1,0,3
BRDA:15,1,1,1
BRDA:34,2,0,4
BRDA:34,2,1,2
BRDA:34,3,0,6
BRDA:34,3,1,4
BRDA:51,4,0,1
BRDA:54,5,0,2
BRDA:54,5,1,34
BRDA:106,6,0,4
BRDA:106,6,1,2
BRDA:106,7,0,6
BRDA:106,7,1,5
BRDA:106,7,2,5
BRDA:125,8,0,5
BRDA:125,8,1,120
BRDA:125,9,0,125
BRDA:125,9,1,122
BRDA:125,9,2,122
BRDA:129,10,0,62
BRDA:129,10,1,58
BRDA:129,11,0,120
BRDA:129,11,1,96
BRDA:146,12,0,1
BRDA:167,13,0,1
BRDA:167,13,1,4
BRDA:196,14,0,6
BRDA:196,14,1,32
BRDA:196,15,0,38
BRDA:196,15,1,21
BRDA:199,16,0,12
BRDA:199,16,1,26
BRDA:199,17,0,38
BRDA:199,17,1,15
BRDA:202,18,0,3
BRDA:202,18,1,35
BRDA:202,19,0,38
BRDA:202,19,1,24
BRDA:205,20,0,2
BRDA:205,20,1,36
BRDA:225,21,0,16
BRDA:225,21,1,10
BRDA:230,22,0,10
BRDA:230,22,1,14
BRDA:247,23,0,1
BRDA:247,23,1,4
BRDA:247,24,0,5
BRDA:247,24,1,5
BRDA:263,25,0,5
BRDA:263,25,1,37
BRDA:281,26,0,58
BRDA:281,26,1,95
BRDA:308,27,0,10661
BRDA:308,27,1,21460
BRDA:310,28,0,1
BRDA:310,28,1,10660
BRDA:322,29,0,392
BRDA:322,29,1,10538
BRDA:324,30,0,392
BRDA:324,30,1,2807
BRDA:326,31,0,82
BRDA:326,31,1,310
BRDA:351,32,0,2546
BRDA:351,32,1,107745
BRDA:351,33,0,110291
BRDA:351,33,1,108331
BRDA:357,34,0,265
BRDA:357,34,1,99838
BRF:70
BRH:70
end_of_record
